<?xml version="1.0" encoding="UTF-8"?>
<testng-results ignored="0" total="5" passed="5" failed="0" skipped="0">
  <reporter-output>
  </reporter-output>
  <suite started-at="2023-02-14T20:25:07Z" name="Amazon Suite" finished-at="2023-02-14T20:27:33Z" duration-ms="145593">
    <groups>
      <group name="cucumber">
        <method signature="TestRunner.feature(cucumber.api.testng.CucumberFeatureWrapper)[pri:0, instance:com.qa.amazon.runner.TestRunner@6e005dc9]" name="feature" class="com.qa.amazon.runner.TestRunner"/>
      </group> <!-- cucumber -->
    </groups>
    <test started-at="2023-02-14T20:25:07Z" name="Amazon BDD Test" finished-at="2023-02-14T20:27:33Z" duration-ms="145593">
      <class name="com.qa.amazon.runner.TestRunner">
        <test-method is-config="true" signature="setUpClass()[pri:0, instance:com.qa.amazon.runner.TestRunner@6e005dc9]" started-at="2023-02-14T20:25:07Z" name="setUpClass" finished-at="2023-02-14T20:25:08Z" duration-ms="916" status="PASS">
          <reporter-output>
          </reporter-output>
        </test-method> <!-- setUpClass -->
        <test-method signature="feature(cucumber.api.testng.CucumberFeatureWrapper)[pri:0, instance:com.qa.amazon.runner.TestRunner@6e005dc9]" started-at="2023-02-14T20:25:09Z" name="feature" description="Runs Cucumber Feature" data-provider="features" finished-at="2023-02-14T20:25:48Z" duration-ms="39550" status="PASS">
          <params>
            <param index="0">
              <value>
                <![CDATA[Amazon Search Product Add To cart]]>
              </value>
            </param>
          </params>
          <reporter-output>
          </reporter-output>
        </test-method> <!-- feature -->
        <test-method signature="feature(cucumber.api.testng.CucumberFeatureWrapper)[pri:0, instance:com.qa.amazon.runner.TestRunner@6e005dc9]" started-at="2023-02-14T20:25:48Z" name="feature" description="Runs Cucumber Feature" data-provider="features" finished-at="2023-02-14T20:26:08Z" duration-ms="19552" status="PASS">
          <params>
            <param index="0">
              <value>
                <![CDATA[Amazon Home Feature]]>
              </value>
            </param>
          </params>
          <reporter-output>
          </reporter-output>
        </test-method> <!-- feature -->
        <test-method signature="feature(cucumber.api.testng.CucumberFeatureWrapper)[pri:0, instance:com.qa.amazon.runner.TestRunner@6e005dc9]" started-at="2023-02-14T20:26:08Z" name="feature" description="Runs Cucumber Feature" data-provider="features" finished-at="2023-02-14T20:26:24Z" duration-ms="15767" status="PASS">
          <params>
            <param index="0">
              <value>
                <![CDATA[Amazon Shopping Feature]]>
              </value>
            </param>
          </params>
          <reporter-output>
          </reporter-output>
        </test-method> <!-- feature -->
        <test-method signature="feature(cucumber.api.testng.CucumberFeatureWrapper)[pri:0, instance:com.qa.amazon.runner.TestRunner@6e005dc9]" started-at="2023-02-14T20:26:24Z" name="feature" description="Runs Cucumber Feature" data-provider="features" finished-at="2023-02-14T20:27:04Z" duration-ms="40577" status="PASS">
          <params>
            <param index="0">
              <value>
                <![CDATA[Amazon Payment Functionality]]>
              </value>
            </param>
          </params>
          <reporter-output>
          </reporter-output>
        </test-method> <!-- feature -->
        <test-method signature="feature(cucumber.api.testng.CucumberFeatureWrapper)[pri:0, instance:com.qa.amazon.runner.TestRunner@6e005dc9]" started-at="2023-02-14T20:27:04Z" name="feature" description="Runs Cucumber Feature" data-provider="features" finished-at="2023-02-14T20:27:33Z" duration-ms="28663" status="PASS">
          <params>
            <param index="0">
              <value>
                <![CDATA[Amazon Search Feature]]>
              </value>
            </param>
          </params>
          <reporter-output>
          </reporter-output>
        </test-method> <!-- feature -->
        <test-method is-config="true" signature="tearDownClass()[pri:0, instance:com.qa.amazon.runner.TestRunner@6e005dc9]" started-at="2023-02-14T20:27:33Z" name="tearDownClass" finished-at="2023-02-14T20:27:33Z" duration-ms="44" status="PASS">
          <reporter-output>
          </reporter-output>
        </test-method> <!-- tearDownClass -->
      </class> <!-- com.qa.amazon.runner.TestRunner -->
    </test> <!-- Amazon BDD Test -->
  </suite> <!-- Amazon Suite -->
</testng-results>
