<?xml version="1.0" encoding="UTF-8"?>
<!-- Generated by org.testng.reporters.JUnitXMLReporter -->
<testsuite ignored="0" hostname="NASIB" failures="0" tests="5" name="Amazon BDD Test" time="145.593" errors="0" timestamp="14 Feb. 2023 20:27:33 GMT">
  <testcase classname="com.qa.amazon.runner.TestRunner" name="feature" time="39.55"/>
  <testcase classname="com.qa.amazon.runner.TestRunner" name="feature" time="19.552"/>
  <testcase classname="com.qa.amazon.runner.TestRunner" name="feature" time="15.767"/>
  <testcase classname="com.qa.amazon.runner.TestRunner" name="feature" time="40.577"/>
  <testcase classname="com.qa.amazon.runner.TestRunner" name="feature" time="28.663"/>
</testsuite> <!-- Amazon BDD Test -->
